{"lvl":"debug","ts":"2025-03-03T10:26:40Z","log":"seed/desktop","msg":"[AUTO-UPDATE]: Window is ready"}
{"lvl":"debug","ts":"2025-03-03T10:26:42Z","log":"seed/desktop","msg":"[AUTO-UPDATE]: TIMEOUT 2000"}
{"lvl":"info","ts":"2025-03-03T10:26:42Z","log":"seed/desktop","msg":"[AUTO-UPDATE]: checking for Updates START: 1"}
{"lvl":"info","ts":"2025-03-03T10:26:42Z","log":"seed/desktop","msg":"[AUTO-UPDATE] Starting auto-check with interval: 600000ms"}
{"lvl":"info","ts":"2025-03-03T10:26:42Z","log":"seed/desktop","msg":"[AUTO-UPDATE] Starting auto-check on https://seedreleases.s3.eu-west-2.amazonaws.com/prod/latest.json"}
{"lvl":"info","ts":"2025-03-03T10:26:42Z","log":"seed/desktop","msg":"[AUTO-UPDATE] Checking for updates START"}
{"lvl":"info","ts":"2025-03-03T10:26:43Z","log":"seed/desktop","msg":"[AUTO-UPDATE] Current version: 2025.2.9, Latest version: 2025.2.10"}
{"lvl":"info","ts":"2025-03-03T10:26:43Z","log":"seed/desktop","msg":"[AUTO-UPDATE] Comparing versions: 2025.2.10 vs 2025.2.9"}
{"lvl":"info","ts":"2025-03-03T10:26:43Z","log":"seed/desktop","msg":"[AUTO-UPDATE] Update needed: true"}
{"lvl":"info","ts":"2025-03-03T10:26:43Z","log":"seed/desktop","msg":"[AUTO-UPDATE] New version available, initiating update process"}
{"lvl":"info","ts":"2025-03-03T10:26:43Z","log":"seed/desktop","msg":"[AUTO-UPDATE] Handling update process"}
{"lvl":"info","ts":"2025-03-03T10:26:43Z","log":"seed/desktop","msg":"[AUTO-UPDATE] Getting asset for platform: darwin"}
{"lvl":"info","ts":"2025-03-03T10:26:43Z","log":"seed/desktop","msg":"[AUTO-UPDATE] Platform: macOS"}
{"lvl":"info","ts":"2025-03-03T10:26:43Z","log":"seed/desktop","msg":"[AUTO-UPDATE] Architecture: arm64"}
{"lvl":"info","ts":"2025-03-03T10:26:43Z","log":"seed/desktop","msg":"[AUTO-UPDATE] Sending event to renderer"}
{"lvl":"info","ts":"2025-03-03T10:27:30Z","log":"seed/desktop","msg":"[AUTO-UPDATE] Received download and install request"}
{"lvl":"info","ts":"2025-03-03T10:27:30Z","log":"seed/desktop","msg":"[AUTO-UPDATE] Getting asset for platform: darwin"}
{"lvl":"info","ts":"2025-03-03T10:27:30Z","log":"seed/desktop","msg":"[AUTO-UPDATE] Platform: macOS"}
{"lvl":"info","ts":"2025-03-03T10:27:30Z","log":"seed/desktop","msg":"[AUTO-UPDATE] Architecture: arm64"}
{"lvl":"info","ts":"2025-03-03T10:27:30Z","log":"seed/desktop","msg":"[AUTO-UPDATE] Starting download from: https://github.com/seed-hypermedia/seed/releases/download/2025.2.10/Seed-2025.2.10-arm64.dmg"}
{"lvl":"info","ts":"2025-03-03T10:27:30Z","log":"seed/desktop","msg":"[AUTO-UPDATE] Downloading update..."}
{"lvl":"info","ts":"2025-03-03T10:27:30Z","log":"seed/desktop","msg":"[AUTO-UPDATE] Download progress: 0%"}
{"lvl":"info","ts":"2025-03-03T10:27:30Z","log":"seed/desktop","msg":"[AUTO-UPDATE] Download progress: 0%"}
{"lvl":"info","ts":"2025-03-03T10:27:31Z","log":"seed/desktop","msg":"[AUTO-UPDATE] Download progress: 12%"}
{"lvl":"info","ts":"2025-03-03T10:27:31Z","log":"seed/desktop","msg":"[AUTO-UPDATE] Download progress: 23%"}
{"lvl":"info","ts":"2025-03-03T10:27:32Z","log":"seed/desktop","msg":"[AUTO-UPDATE] Download progress: 36%"}
{"lvl":"info","ts":"2025-03-03T10:27:32Z","log":"seed/desktop","msg":"[AUTO-UPDATE] Download progress: 42%"}
{"lvl":"info","ts":"2025-03-03T10:27:33Z","log":"seed/desktop","msg":"[AUTO-UPDATE] Download progress: 54%"}
{"lvl":"info","ts":"2025-03-03T10:27:33Z","log":"seed/desktop","msg":"[AUTO-UPDATE] Download progress: 65%"}
{"lvl":"info","ts":"2025-03-03T10:27:34Z","log":"seed/desktop","msg":"[AUTO-UPDATE] Download progress: 74%"}
{"lvl":"info","ts":"2025-03-03T10:27:34Z","log":"seed/desktop","msg":"[AUTO-UPDATE] Download progress: 86%"}
{"lvl":"info","ts":"2025-03-03T10:27:35Z","log":"seed/desktop","msg":"[AUTO-UPDATE] Download progress: 98%"}
{"lvl":"info","ts":"2025-03-03T10:27:35Z","log":"seed/desktop","msg":"[AUTO-UPDATE] Download progress: 100%"}
{"lvl":"info","ts":"2025-03-03T10:27:35Z","log":"seed/desktop","msg":"[AUTO-UPDATE] Download progress: 100%"}
{"lvl":"info","ts":"2025-03-03T10:27:35Z","log":"seed/desktop","msg":"[AUTO-UPDATE] Download progress: 100%"}
{"lvl":"info","ts":"2025-03-03T10:27:35Z","log":"seed/desktop","msg":"[AUTO-UPDATE] Download successfully saved to /Users/horacioh/Downloads/Seed-2025.2.10-arm64.dmg"}
{"lvl":"info","ts":"2025-03-03T10:27:35Z","log":"seed/desktop","msg":"[AUTO-UPDATE] Creating temp directory at: /var/folders/j1/nt9my8kx4lz_y5zt64_s1g6r0000gn/T/SeedUpdate"}
{"lvl":"info","ts":"2025-03-03T10:27:35Z","log":"seed/desktop","msg":"[AUTO-UPDATE] Mounting DMG..."}
{"lvl":"info","ts":"2025-03-03T10:27:37Z","log":"seed/desktop","msg":"[AUTO-UPDATE] Creating update script at: /var/folders/j1/nt9my8kx4lz_y5zt64_s1g6r0000gn/T/SeedUpdate/update.sh"}
{"lvl":"info","ts":"2025-03-03T10:27:37Z","log":"seed/desktop","msg":"[AUTO-UPDATE] Update script created successfully"}
{"lvl":"info","ts":"2025-03-03T10:27:37Z","log":"seed/desktop","msg":"[AUTO-UPDATE] Executing update script..."}
{"lvl":"info","ts":"2025-03-03T10:27:37Z","log":"seed/desktop","msg":"[AUTO-UPDATE] Download failed: completed"}
{"lvl":"debug","ts":"2025-03-03T10:27:37Z","log":"seed/desktop","msg":"App will quit"}