== Logs will be written in:  /Users/horacioh/Library/Application Support/Seed-local-2/logs
[AUTO-UPDATE] AutoUpdater constructor call START
[AUTO-UPDATE] AutoUpdater constructor call FINISH
(node:6128) [DEP0040] DeprecationWarning: The `punycode` module is deprecated. Please use a userland alternative instead.
(Use `Seed --trace-deprecation ...` to show where the warning was created)
[AUTO-UPDATE] autoUpdate call INIT undefined
(electron) 'console-message' arguments are deprecated and will be removed. Please use Event<WebContentsConsoleMessageEventParams> object instead.
🚨 to GetAccount wy { id: 'z6MkfQzMbCoNQmjTp13mFK1e5JNcEnAVutXhGa5WadCESajd' } Pr [ConnectError]: [not_found] account z6MkfQzMbCoNQmjTp13mFK1e5JNcEnAVutXhGa5WadCESajd is not found
    at mIe (/Users/horacioh/jean/main/fleet-viper/frontend/apps/desktop/out/Seed-darwin-arm64/Seed.app/Contents/Resources/app.asar/.vite/build/main-BzUq9ZDW.js:52:1251)
    at xW (/Users/horacioh/jean/main/fleet-viper/frontend/apps/desktop/out/Seed-darwin-arm64/Seed.app/Contents/Resources/app.asar/.vite/build/main-BzUq9ZDW.js:52:5258)
    at next (/Users/horacioh/jean/main/fleet-viper/frontend/apps/desktop/out/Seed-darwin-arm64/Seed.app/Contents/Resources/app.asar/.vite/build/main-BzUq9ZDW.js:52:11689)
    at process.processTicksAndRejections (node:internal/process/task_queues:105:5)
    at async /Users/horacioh/jean/main/fleet-viper/frontend/apps/desktop/out/Seed-darwin-arm64/Seed.app/Contents/Resources/app.asar/.vite/build/main-BzUq9ZDW.js:52:14698
    at async Object.unary (/Users/horacioh/jean/main/fleet-viper/frontend/apps/desktop/out/Seed-darwin-arm64/Seed.app/Contents/Resources/app.asar/.vite/build/main-BzUq9ZDW.js:52:11210)
    at async Object.getAccount (/Users/horacioh/jean/main/fleet-viper/frontend/apps/desktop/out/Seed-darwin-arm64/Seed.app/Contents/Resources/app.asar/.vite/build/main-BzUq9ZDW.js:50:42576)
    at async Ite (/Users/horacioh/jean/main/fleet-viper/frontend/apps/desktop/out/Seed-darwin-arm64/Seed.app/Contents/Resources/app.asar/.vite/build/main-BzUq9ZDW.js:427:32709)
    at async Object.getData (/Users/horacioh/jean/main/fleet-viper/frontend/apps/desktop/out/Seed-darwin-arm64/Seed.app/Contents/Resources/app.asar/.vite/build/main-BzUq9ZDW.js:427:33256)
    at async kDt (/Users/horacioh/jean/main/fleet-viper/frontend/apps/desktop/out/Seed-darwin-arm64/Seed.app/Contents/Resources/app.asar/.vite/build/main-BzUq9ZDW.js:1127:13839) {
  rawMessage: 'account z6MkfQzMbCoNQmjTp13mFK1e5JNcEnAVutXhGa5WadCESajd is not found',
  code: 5,
  metadata: Headers {
    'access-control-expose-headers': 'Date, Content-Type, Grpc-Status, Vary, Grpc-Message, grpc-status, grpc-message',
    'content-type': 'application/grpc-web+proto',
    'grpc-message': 'account z6MkfQzMbCoNQmjTp13mFK1e5JNcEnAVutXhGa5WadCESajd is not found',
    'grpc-status': '5',
    vary: 'Origin',
    'transfer-encoding': 'chunked'
  },
  details: [],
  cause: undefined
}
🚨 to GetAccount wy { id: 'z6MkiSjZYKVqYqJJhAXVhHS3uzZGbnwboZERnLquJpLz3Ytu' } Pr [ConnectError]: [not_found] account z6MkiSjZYKVqYqJJhAXVhHS3uzZGbnwboZERnLquJpLz3Ytu is not found
    at mIe (/Users/horacioh/jean/main/fleet-viper/frontend/apps/desktop/out/Seed-darwin-arm64/Seed.app/Contents/Resources/app.asar/.vite/build/main-BzUq9ZDW.js:52:1251)
    at xW (/Users/horacioh/jean/main/fleet-viper/frontend/apps/desktop/out/Seed-darwin-arm64/Seed.app/Contents/Resources/app.asar/.vite/build/main-BzUq9ZDW.js:52:5258)
    at next (/Users/horacioh/jean/main/fleet-viper/frontend/apps/desktop/out/Seed-darwin-arm64/Seed.app/Contents/Resources/app.asar/.vite/build/main-BzUq9ZDW.js:52:11689)
    at process.processTicksAndRejections (node:internal/process/task_queues:105:5)
    at async /Users/horacioh/jean/main/fleet-viper/frontend/apps/desktop/out/Seed-darwin-arm64/Seed.app/Contents/Resources/app.asar/.vite/build/main-BzUq9ZDW.js:52:14698
    at async Object.unary (/Users/horacioh/jean/main/fleet-viper/frontend/apps/desktop/out/Seed-darwin-arm64/Seed.app/Contents/Resources/app.asar/.vite/build/main-BzUq9ZDW.js:52:11210)
    at async Object.getAccount (/Users/horacioh/jean/main/fleet-viper/frontend/apps/desktop/out/Seed-darwin-arm64/Seed.app/Contents/Resources/app.asar/.vite/build/main-BzUq9ZDW.js:50:42576)
    at async Ite (/Users/horacioh/jean/main/fleet-viper/frontend/apps/desktop/out/Seed-darwin-arm64/Seed.app/Contents/Resources/app.asar/.vite/build/main-BzUq9ZDW.js:427:32709)
    at async Object.getData (/Users/horacioh/jean/main/fleet-viper/frontend/apps/desktop/out/Seed-darwin-arm64/Seed.app/Contents/Resources/app.asar/.vite/build/main-BzUq9ZDW.js:427:33256)
    at async kDt (/Users/horacioh/jean/main/fleet-viper/frontend/apps/desktop/out/Seed-darwin-arm64/Seed.app/Contents/Resources/app.asar/.vite/build/main-BzUq9ZDW.js:1127:13839) {
  rawMessage: 'account z6MkiSjZYKVqYqJJhAXVhHS3uzZGbnwboZERnLquJpLz3Ytu is not found',
  code: 5,
  metadata: Headers {
    'access-control-expose-headers': 'Vary, Grpc-Status, Grpc-Message, Date, Content-Type, grpc-status, grpc-message',
    'content-type': 'application/grpc-web+proto',
    'grpc-message': 'account z6MkiSjZYKVqYqJJhAXVhHS3uzZGbnwboZERnLquJpLz3Ytu is not found',
    'grpc-status': '5',
    vary: 'Origin',
    'transfer-encoding': 'chunked'
  },
  details: [],
  cause: undefined
}
🚨 to GetAccount wy { id: 'z6MkoodVc7QKDaXyNgHcHHuzb6K3ENUNPXXdpuMUwixvZhM1' } Pr [ConnectError]: [not_found] account z6MkoodVc7QKDaXyNgHcHHuzb6K3ENUNPXXdpuMUwixvZhM1 is not found
    at mIe (/Users/horacioh/jean/main/fleet-viper/frontend/apps/desktop/out/Seed-darwin-arm64/Seed.app/Contents/Resources/app.asar/.vite/build/main-BzUq9ZDW.js:52:1251)
    at xW (/Users/horacioh/jean/main/fleet-viper/frontend/apps/desktop/out/Seed-darwin-arm64/Seed.app/Contents/Resources/app.asar/.vite/build/main-BzUq9ZDW.js:52:5258)
    at next (/Users/horacioh/jean/main/fleet-viper/frontend/apps/desktop/out/Seed-darwin-arm64/Seed.app/Contents/Resources/app.asar/.vite/build/main-BzUq9ZDW.js:52:11689)
    at process.processTicksAndRejections (node:internal/process/task_queues:105:5)
    at async /Users/horacioh/jean/main/fleet-viper/frontend/apps/desktop/out/Seed-darwin-arm64/Seed.app/Contents/Resources/app.asar/.vite/build/main-BzUq9ZDW.js:52:14698
    at async Object.unary (/Users/horacioh/jean/main/fleet-viper/frontend/apps/desktop/out/Seed-darwin-arm64/Seed.app/Contents/Resources/app.asar/.vite/build/main-BzUq9ZDW.js:52:11210)
    at async Object.getAccount (/Users/horacioh/jean/main/fleet-viper/frontend/apps/desktop/out/Seed-darwin-arm64/Seed.app/Contents/Resources/app.asar/.vite/build/main-BzUq9ZDW.js:50:42576)
    at async Ite (/Users/horacioh/jean/main/fleet-viper/frontend/apps/desktop/out/Seed-darwin-arm64/Seed.app/Contents/Resources/app.asar/.vite/build/main-BzUq9ZDW.js:427:32709)
    at async Object.getData (/Users/horacioh/jean/main/fleet-viper/frontend/apps/desktop/out/Seed-darwin-arm64/Seed.app/Contents/Resources/app.asar/.vite/build/main-BzUq9ZDW.js:427:33256)
    at async kDt (/Users/horacioh/jean/main/fleet-viper/frontend/apps/desktop/out/Seed-darwin-arm64/Seed.app/Contents/Resources/app.asar/.vite/build/main-BzUq9ZDW.js:1127:13839) {
  rawMessage: 'account z6MkoodVc7QKDaXyNgHcHHuzb6K3ENUNPXXdpuMUwixvZhM1 is not found',
  code: 5,
  metadata: Headers {
    'access-control-expose-headers': 'Vary, Date, Content-Type, Grpc-Status, Grpc-Message, grpc-status, grpc-message',
    'content-type': 'application/grpc-web+proto',
    'grpc-message': 'account z6MkoodVc7QKDaXyNgHcHHuzb6K3ENUNPXXdpuMUwixvZhM1 is not found',
    'grpc-status': '5',
    vary: 'Origin',
    'transfer-encoding': 'chunked'
  },
  details: [],
  cause: undefined
}
🚨 to GetAccount wy { id: 'z6MkprLt6ydNFzZRTWUWT3nEyevwfcbLyrARwaMCGA3emyNw' } Pr [ConnectError]: [not_found] account z6MkprLt6ydNFzZRTWUWT3nEyevwfcbLyrARwaMCGA3emyNw is not found
    at mIe (/Users/horacioh/jean/main/fleet-viper/frontend/apps/desktop/out/Seed-darwin-arm64/Seed.app/Contents/Resources/app.asar/.vite/build/main-BzUq9ZDW.js:52:1251)
    at xW (/Users/horacioh/jean/main/fleet-viper/frontend/apps/desktop/out/Seed-darwin-arm64/Seed.app/Contents/Resources/app.asar/.vite/build/main-BzUq9ZDW.js:52:5258)
    at next (/Users/horacioh/jean/main/fleet-viper/frontend/apps/desktop/out/Seed-darwin-arm64/Seed.app/Contents/Resources/app.asar/.vite/build/main-BzUq9ZDW.js:52:11689)
    at process.processTicksAndRejections (node:internal/process/task_queues:105:5)
    at async /Users/horacioh/jean/main/fleet-viper/frontend/apps/desktop/out/Seed-darwin-arm64/Seed.app/Contents/Resources/app.asar/.vite/build/main-BzUq9ZDW.js:52:14698
    at async Object.unary (/Users/horacioh/jean/main/fleet-viper/frontend/apps/desktop/out/Seed-darwin-arm64/Seed.app/Contents/Resources/app.asar/.vite/build/main-BzUq9ZDW.js:52:11210)
    at async Object.getAccount (/Users/horacioh/jean/main/fleet-viper/frontend/apps/desktop/out/Seed-darwin-arm64/Seed.app/Contents/Resources/app.asar/.vite/build/main-BzUq9ZDW.js:50:42576)
    at async Ite (/Users/horacioh/jean/main/fleet-viper/frontend/apps/desktop/out/Seed-darwin-arm64/Seed.app/Contents/Resources/app.asar/.vite/build/main-BzUq9ZDW.js:427:32709)
    at async Object.getData (/Users/horacioh/jean/main/fleet-viper/frontend/apps/desktop/out/Seed-darwin-arm64/Seed.app/Contents/Resources/app.asar/.vite/build/main-BzUq9ZDW.js:427:33256)
    at async kDt (/Users/horacioh/jean/main/fleet-viper/frontend/apps/desktop/out/Seed-darwin-arm64/Seed.app/Contents/Resources/app.asar/.vite/build/main-BzUq9ZDW.js:1127:13839) {
  rawMessage: 'account z6MkprLt6ydNFzZRTWUWT3nEyevwfcbLyrARwaMCGA3emyNw is not found',
  code: 5,
  metadata: Headers {
    'access-control-expose-headers': 'Content-Type, Grpc-Status, Grpc-Message, Date, Vary, grpc-status, grpc-message',
    'content-type': 'application/grpc-web+proto',
    'grpc-message': 'account z6MkprLt6ydNFzZRTWUWT3nEyevwfcbLyrARwaMCGA3emyNw is not found',
    'grpc-status': '5',
    vary: 'Origin',
    'transfer-encoding': 'chunked'
  },
  details: [],
  cause: undefined
}
🚨 to GetAccount wy { id: 'z6MkvbYUtW2zB51LWaXJPguMLAaZ2qA3btHc1ot8dEm3Y1JP' } Pr [ConnectError]: [not_found] account z6MkvbYUtW2zB51LWaXJPguMLAaZ2qA3btHc1ot8dEm3Y1JP is not found
    at mIe (/Users/horacioh/jean/main/fleet-viper/frontend/apps/desktop/out/Seed-darwin-arm64/Seed.app/Contents/Resources/app.asar/.vite/build/main-BzUq9ZDW.js:52:1251)
    at xW (/Users/horacioh/jean/main/fleet-viper/frontend/apps/desktop/out/Seed-darwin-arm64/Seed.app/Contents/Resources/app.asar/.vite/build/main-BzUq9ZDW.js:52:5258)
    at next (/Users/horacioh/jean/main/fleet-viper/frontend/apps/desktop/out/Seed-darwin-arm64/Seed.app/Contents/Resources/app.asar/.vite/build/main-BzUq9ZDW.js:52:11689)
    at process.processTicksAndRejections (node:internal/process/task_queues:105:5)
    at async /Users/horacioh/jean/main/fleet-viper/frontend/apps/desktop/out/Seed-darwin-arm64/Seed.app/Contents/Resources/app.asar/.vite/build/main-BzUq9ZDW.js:52:14698
    at async Object.unary (/Users/horacioh/jean/main/fleet-viper/frontend/apps/desktop/out/Seed-darwin-arm64/Seed.app/Contents/Resources/app.asar/.vite/build/main-BzUq9ZDW.js:52:11210)
    at async Object.getAccount (/Users/horacioh/jean/main/fleet-viper/frontend/apps/desktop/out/Seed-darwin-arm64/Seed.app/Contents/Resources/app.asar/.vite/build/main-BzUq9ZDW.js:50:42576)
    at async Ite (/Users/horacioh/jean/main/fleet-viper/frontend/apps/desktop/out/Seed-darwin-arm64/Seed.app/Contents/Resources/app.asar/.vite/build/main-BzUq9ZDW.js:427:32709)
    at async Object.getData (/Users/horacioh/jean/main/fleet-viper/frontend/apps/desktop/out/Seed-darwin-arm64/Seed.app/Contents/Resources/app.asar/.vite/build/main-BzUq9ZDW.js:427:33256)
    at async kDt (/Users/horacioh/jean/main/fleet-viper/frontend/apps/desktop/out/Seed-darwin-arm64/Seed.app/Contents/Resources/app.asar/.vite/build/main-BzUq9ZDW.js:1127:13839) {
  rawMessage: 'account z6MkvbYUtW2zB51LWaXJPguMLAaZ2qA3btHc1ot8dEm3Y1JP is not found',
  code: 5,
  metadata: Headers {
    'access-control-expose-headers': 'Grpc-Status, Vary, Grpc-Message, Date, Content-Type, grpc-status, grpc-message',
    'content-type': 'application/grpc-web+proto',
    'grpc-message': 'account z6MkvbYUtW2zB51LWaXJPguMLAaZ2qA3btHc1ot8dEm3Y1JP is not found',
    'grpc-status': '5',
    vary: 'Origin',
    'transfer-encoding': 'chunked'
  },
  details: [],
  cause: undefined
}
🚨 to GetAccount wy { id: 'z6Mkw71nDA2jPxD9ceZH1jcZ4kvMrGB3eDVesmqVEgMtcrhk' } Pr [ConnectError]: [not_found] account z6Mkw71nDA2jPxD9ceZH1jcZ4kvMrGB3eDVesmqVEgMtcrhk is not found
    at mIe (/Users/horacioh/jean/main/fleet-viper/frontend/apps/desktop/out/Seed-darwin-arm64/Seed.app/Contents/Resources/app.asar/.vite/build/main-BzUq9ZDW.js:52:1251)
    at xW (/Users/horacioh/jean/main/fleet-viper/frontend/apps/desktop/out/Seed-darwin-arm64/Seed.app/Contents/Resources/app.asar/.vite/build/main-BzUq9ZDW.js:52:5258)
    at next (/Users/horacioh/jean/main/fleet-viper/frontend/apps/desktop/out/Seed-darwin-arm64/Seed.app/Contents/Resources/app.asar/.vite/build/main-BzUq9ZDW.js:52:11689)
    at process.processTicksAndRejections (node:internal/process/task_queues:105:5)
    at async /Users/horacioh/jean/main/fleet-viper/frontend/apps/desktop/out/Seed-darwin-arm64/Seed.app/Contents/Resources/app.asar/.vite/build/main-BzUq9ZDW.js:52:14698
    at async Object.unary (/Users/horacioh/jean/main/fleet-viper/frontend/apps/desktop/out/Seed-darwin-arm64/Seed.app/Contents/Resources/app.asar/.vite/build/main-BzUq9ZDW.js:52:11210)
    at async Object.getAccount (/Users/horacioh/jean/main/fleet-viper/frontend/apps/desktop/out/Seed-darwin-arm64/Seed.app/Contents/Resources/app.asar/.vite/build/main-BzUq9ZDW.js:50:42576)
    at async Ite (/Users/horacioh/jean/main/fleet-viper/frontend/apps/desktop/out/Seed-darwin-arm64/Seed.app/Contents/Resources/app.asar/.vite/build/main-BzUq9ZDW.js:427:32709)
    at async Object.getData (/Users/horacioh/jean/main/fleet-viper/frontend/apps/desktop/out/Seed-darwin-arm64/Seed.app/Contents/Resources/app.asar/.vite/build/main-BzUq9ZDW.js:427:33256)
    at async kDt (/Users/horacioh/jean/main/fleet-viper/frontend/apps/desktop/out/Seed-darwin-arm64/Seed.app/Contents/Resources/app.asar/.vite/build/main-BzUq9ZDW.js:1127:13839) {
  rawMessage: 'account z6Mkw71nDA2jPxD9ceZH1jcZ4kvMrGB3eDVesmqVEgMtcrhk is not found',
  code: 5,
  metadata: Headers {
    'access-control-expose-headers': 'Vary, Date, Content-Type, Grpc-Status, Grpc-Message, grpc-status, grpc-message',
    'content-type': 'application/grpc-web+proto',
    'grpc-message': 'account z6Mkw71nDA2jPxD9ceZH1jcZ4kvMrGB3eDVesmqVEgMtcrhk is not found',
    'grpc-status': '5',
    vary: 'Origin',
    'transfer-encoding': 'chunked'
  },
  details: [],
  cause: undefined
}
[Discovery] hm://z6Mkfm8befyW32tingJymhfqjX6nhLwoBkQxdSmqg9DnqmiH: status=ok
[Discovery] hm://z6Mkfm8befyW32tingJymhfqjX6nhLwoBkQxdSmqg9DnqmiH: newVersion=bafy2bzacedh2zj2ic24ibtnfrug47l554rf55z33s346tqqrpoldh4jgowtze, lastKnown=undefined, shouldInvalidate=false
[Discovery] hm://z6Mkfm8befyW32tingJymhfqjX6nhLwoBkQxdSmqg9DnqmiH/demo76: status=ok
[Discovery] hm://z6Mkfm8befyW32tingJymhfqjX6nhLwoBkQxdSmqg9DnqmiH/demo76: newVersion=bafyreihdzeqkbb7rygls7zum2fhowq6jeyboslcow2zbyhhltlqbyb2xbe, lastKnown=undefined, shouldInvalidate=false
[Discovery] hm://z6MkgAtUyLGa8nUn3xDbvfWprE58pYMDeuhD8sH59T6NYiuj: status=ok
[Discovery] hm://z6MkgAtUyLGa8nUn3xDbvfWprE58pYMDeuhD8sH59T6NYiuj: newVersion=bafy2bzaced5tatdb5tvwuo3thsi5u6525er7me33avlixf23eq2ynlotqxcty, lastKnown=undefined, shouldInvalidate=false
[Discovery] hm://z6MkpounmYpAXwsojKHnTWuqCNVs1sJTzRttw1gMfUvCGvY2: status=ok
[Discovery] hm://z6MkpounmYpAXwsojKHnTWuqCNVs1sJTzRttw1gMfUvCGvY2: newVersion=bafy2bzaced7bhangibltimlvuyowv3p2mwdg3roemhmuyb7viwjfa66mjvur2, lastKnown=undefined, shouldInvalidate=false
[Discovery] hm://z6MkfnCSnmstMXTAb6MBXXCj4zdPwZedtRF6YBgYtE5Q8Sov: status=ok
[Discovery] hm://z6MkfnCSnmstMXTAb6MBXXCj4zdPwZedtRF6YBgYtE5Q8Sov: newVersion=bafy2bzacedco4ikpv7ba6t7ltd6aca5scbrb63nkrxjnh6azelt4j2caswi3w, lastKnown=undefined, shouldInvalidate=false
[Discovery] hm://z6MktCPp9wATW4vpREXL5iWgKDCZWnJiXf4ngxS9pe5sky84: status=ok
[Discovery] hm://z6MktCPp9wATW4vpREXL5iWgKDCZWnJiXf4ngxS9pe5sky84: newVersion=bafy2bzaced7725cult54s5grdoyecuxdvf6mba6smstqd5htw6evx66goks7i, lastKnown=undefined, shouldInvalidate=false
[Discovery] hm://z6MksyA4CrctwddmG1GcJ8pSSh9M62zg994T8znaQKFJ4qkb: status=ok
[Discovery] hm://z6MksyA4CrctwddmG1GcJ8pSSh9M62zg994T8znaQKFJ4qkb: newVersion=bafy2bzacea4exeapgm5pjzkxvv4dtsqu66wbuwvut7zsihpw6lpun7al7ldi4, lastKnown=undefined, shouldInvalidate=false
[Discovery] hm://z6MkpQNtQuUuZFQxfzJHadx4NNCC6QX6vnifRB7QdzzWGyKD: status=ok
[Discovery] hm://z6MkpQNtQuUuZFQxfzJHadx4NNCC6QX6vnifRB7QdzzWGyKD: newVersion=bafy2bzacecf4vaqzrutiify5careswydlpz7nbtfwjwawvbq5shhcf7krv332, lastKnown=undefined, shouldInvalidate=false
[Discovery] hm://z6MkivVUhsrkuF9WS8qZXjf4wAbNQTPm3zzRRU8J72g5tG69: status=ok
[Discovery] hm://z6MkivVUhsrkuF9WS8qZXjf4wAbNQTPm3zzRRU8J72g5tG69: newVersion=bafy2bzaceaccnwkumorfauugtl47ndoipby56i5g4rcop3lsqywyaagkmiogc, lastKnown=undefined, shouldInvalidate=false
[Discovery] hm://z6MkpHiG87oJnyMajxKyJcEwNRTbrHWjKSnmVxuuxq7bP3nb: status=ok
[Discovery] hm://z6MkpHiG87oJnyMajxKyJcEwNRTbrHWjKSnmVxuuxq7bP3nb: newVersion=bafy2bzacecf3jzmqao7zppmemna3ioz4p4nek37knlygr6n5rssdzhlikvkck, lastKnown=undefined, shouldInvalidate=false
[Discovery] hm://z6Mkm8Uq6nbJDcA5ZyQCAhocWcL6KFfJkC7fFe465ZsMa6tw: status=ok
[Discovery] hm://z6Mkm8Uq6nbJDcA5ZyQCAhocWcL6KFfJkC7fFe465ZsMa6tw: newVersion=bafyreibjsdisarraxdy6lniwcj5xpa4ohqqdd6bwhcsxcs2pytkiqnq2om.bafyreidwh3g7ocbf5rd2pjvlrhl7gy7wiq7px2357hq75b6zjakcytudli, lastKnown=undefined, shouldInvalidate=false
[Discovery] hm://z6MkrbYsRzKb1VABdvhsDSAk6JK8fAszKsyHhcaZigYeWCou: status=ok
[Discovery] hm://z6MkrbYsRzKb1VABdvhsDSAk6JK8fAszKsyHhcaZigYeWCou: newVersion=bafy2bzaceard7t4wrqhqzizymqwow34l7foxc5yn2ihqapmwys4qs5mnmalzm, lastKnown=undefined, shouldInvalidate=false
[Discovery] hm://z6Mkfm8befyW32tingJymhfqjX6nhLwoBkQxdSmqg9DnqmiH/demo76: status=ok
[Discovery] hm://z6Mkfm8befyW32tingJymhfqjX6nhLwoBkQxdSmqg9DnqmiH/demo76: newVersion=bafyreihdzeqkbb7rygls7zum2fhowq6jeyboslcow2zbyhhltlqbyb2xbe, lastKnown=undefined, shouldInvalidate=false
[Discovery] hm://z6Mkfm8befyW32tingJymhfqjX6nhLwoBkQxdSmqg9DnqmiH/demo76: status=ok
[Discovery] hm://z6Mkfm8befyW32tingJymhfqjX6nhLwoBkQxdSmqg9DnqmiH/demo76: newVersion=bafyreihdzeqkbb7rygls7zum2fhowq6jeyboslcow2zbyhhltlqbyb2xbe, lastKnown=undefined, shouldInvalidate=false
[Discovery] hm://z6Mkfm8befyW32tingJymhfqjX6nhLwoBkQxdSmqg9DnqmiH/demo76: status=ok
[Discovery] hm://z6Mkfm8befyW32tingJymhfqjX6nhLwoBkQxdSmqg9DnqmiH/demo76: newVersion=bafyreihdzeqkbb7rygls7zum2fhowq6jeyboslcow2zbyhhltlqbyb2xbe, lastKnown=undefined, shouldInvalidate=false
[Discovery] hm://z6Mkfm8befyW32tingJymhfqjX6nhLwoBkQxdSmqg9DnqmiH/demo76: status=ok
[Discovery] hm://z6Mkfm8befyW32tingJymhfqjX6nhLwoBkQxdSmqg9DnqmiH/demo76: newVersion=bafyreihdzeqkbb7rygls7zum2fhowq6jeyboslcow2zbyhhltlqbyb2xbe, lastKnown=undefined, shouldInvalidate=false
[Discovery] hm://z6Mkfm8befyW32tingJymhfqjX6nhLwoBkQxdSmqg9DnqmiH/demo76: status=ok
[Discovery] hm://z6Mkfm8befyW32tingJymhfqjX6nhLwoBkQxdSmqg9DnqmiH/demo76: newVersion=bafyreihdzeqkbb7rygls7zum2fhowq6jeyboslcow2zbyhhltlqbyb2xbe, lastKnown=undefined, shouldInvalidate=false
[Discovery] hm://z6Mkfm8befyW32tingJymhfqjX6nhLwoBkQxdSmqg9DnqmiH: status=ok
[Discovery] hm://z6Mkfm8befyW32tingJymhfqjX6nhLwoBkQxdSmqg9DnqmiH: newVersion=bafy2bzacedh2zj2ic24ibtnfrug47l554rf55z33s346tqqrpoldh4jgowtze, lastKnown=undefined, shouldInvalidate=false
[Discovery] hm://z6MkgAtUyLGa8nUn3xDbvfWprE58pYMDeuhD8sH59T6NYiuj: status=ok
[Discovery] hm://z6MkgAtUyLGa8nUn3xDbvfWprE58pYMDeuhD8sH59T6NYiuj: newVersion=bafy2bzaced5tatdb5tvwuo3thsi5u6525er7me33avlixf23eq2ynlotqxcty, lastKnown=undefined, shouldInvalidate=false
[Discovery] hm://z6MkpounmYpAXwsojKHnTWuqCNVs1sJTzRttw1gMfUvCGvY2: status=ok
[Discovery] hm://z6MkpounmYpAXwsojKHnTWuqCNVs1sJTzRttw1gMfUvCGvY2: newVersion=bafy2bzaced7bhangibltimlvuyowv3p2mwdg3roemhmuyb7viwjfa66mjvur2, lastKnown=undefined, shouldInvalidate=false
[Discovery] hm://z6MkfnCSnmstMXTAb6MBXXCj4zdPwZedtRF6YBgYtE5Q8Sov: status=ok
[Discovery] hm://z6MkfnCSnmstMXTAb6MBXXCj4zdPwZedtRF6YBgYtE5Q8Sov: newVersion=bafy2bzacedco4ikpv7ba6t7ltd6aca5scbrb63nkrxjnh6azelt4j2caswi3w, lastKnown=undefined, shouldInvalidate=false
[Discovery] hm://z6MktCPp9wATW4vpREXL5iWgKDCZWnJiXf4ngxS9pe5sky84: status=ok
[Discovery] hm://z6MktCPp9wATW4vpREXL5iWgKDCZWnJiXf4ngxS9pe5sky84: newVersion=bafy2bzaced7725cult54s5grdoyecuxdvf6mba6smstqd5htw6evx66goks7i, lastKnown=undefined, shouldInvalidate=false
[Discovery] hm://z6MksyA4CrctwddmG1GcJ8pSSh9M62zg994T8znaQKFJ4qkb: status=ok
[Discovery] hm://z6MksyA4CrctwddmG1GcJ8pSSh9M62zg994T8znaQKFJ4qkb: newVersion=bafy2bzacea4exeapgm5pjzkxvv4dtsqu66wbuwvut7zsihpw6lpun7al7ldi4, lastKnown=undefined, shouldInvalidate=false
[Discovery] hm://z6MkpQNtQuUuZFQxfzJHadx4NNCC6QX6vnifRB7QdzzWGyKD: status=ok
[Discovery] hm://z6MkpQNtQuUuZFQxfzJHadx4NNCC6QX6vnifRB7QdzzWGyKD: newVersion=bafy2bzacecf4vaqzrutiify5careswydlpz7nbtfwjwawvbq5shhcf7krv332, lastKnown=undefined, shouldInvalidate=false
[Discovery] hm://z6MkivVUhsrkuF9WS8qZXjf4wAbNQTPm3zzRRU8J72g5tG69: status=ok
[Discovery] hm://z6MkivVUhsrkuF9WS8qZXjf4wAbNQTPm3zzRRU8J72g5tG69: newVersion=bafy2bzaceaccnwkumorfauugtl47ndoipby56i5g4rcop3lsqywyaagkmiogc, lastKnown=undefined, shouldInvalidate=false
[Discovery] hm://z6Mkm8Uq6nbJDcA5ZyQCAhocWcL6KFfJkC7fFe465ZsMa6tw: status=ok
[Discovery] hm://z6Mkm8Uq6nbJDcA5ZyQCAhocWcL6KFfJkC7fFe465ZsMa6tw: newVersion=bafyreibjsdisarraxdy6lniwcj5xpa4ohqqdd6bwhcsxcs2pytkiqnq2om.bafyreidwh3g7ocbf5rd2pjvlrhl7gy7wiq7px2357hq75b6zjakcytudli, lastKnown=undefined, shouldInvalidate=false
[Discovery] hm://z6MkpHiG87oJnyMajxKyJcEwNRTbrHWjKSnmVxuuxq7bP3nb: status=ok
[Discovery] hm://z6MkpHiG87oJnyMajxKyJcEwNRTbrHWjKSnmVxuuxq7bP3nb: newVersion=bafy2bzacecf3jzmqao7zppmemna3ioz4p4nek37knlygr6n5rssdzhlikvkck, lastKnown=undefined, shouldInvalidate=false
[Discovery] hm://z6MkrbYsRzKb1VABdvhsDSAk6JK8fAszKsyHhcaZigYeWCou: status=ok
[Discovery] hm://z6MkrbYsRzKb1VABdvhsDSAk6JK8fAszKsyHhcaZigYeWCou: newVersion=bafy2bzaceard7t4wrqhqzizymqwow34l7foxc5yn2ihqapmwys4qs5mnmalzm, lastKnown=undefined, shouldInvalidate=false
[Discovery] hm://z6Mkfm8befyW32tingJymhfqjX6nhLwoBkQxdSmqg9DnqmiH: status=ok
[Discovery] hm://z6Mkfm8befyW32tingJymhfqjX6nhLwoBkQxdSmqg9DnqmiH: newVersion=bafy2bzacedh2zj2ic24ibtnfrug47l554rf55z33s346tqqrpoldh4jgowtze, lastKnown=undefined, shouldInvalidate=false
[Discovery] hm://z6MkgAtUyLGa8nUn3xDbvfWprE58pYMDeuhD8sH59T6NYiuj: status=ok
[Discovery] hm://z6MkgAtUyLGa8nUn3xDbvfWprE58pYMDeuhD8sH59T6NYiuj: newVersion=bafy2bzaced5tatdb5tvwuo3thsi5u6525er7me33avlixf23eq2ynlotqxcty, lastKnown=undefined, shouldInvalidate=false
[Discovery] hm://z6MkpounmYpAXwsojKHnTWuqCNVs1sJTzRttw1gMfUvCGvY2: status=ok
[Discovery] hm://z6MkpounmYpAXwsojKHnTWuqCNVs1sJTzRttw1gMfUvCGvY2: newVersion=bafy2bzaced7bhangibltimlvuyowv3p2mwdg3roemhmuyb7viwjfa66mjvur2, lastKnown=undefined, shouldInvalidate=false
[Discovery] hm://z6MkfnCSnmstMXTAb6MBXXCj4zdPwZedtRF6YBgYtE5Q8Sov: status=ok
[Discovery] hm://z6MkfnCSnmstMXTAb6MBXXCj4zdPwZedtRF6YBgYtE5Q8Sov: newVersion=bafy2bzacedco4ikpv7ba6t7ltd6aca5scbrb63nkrxjnh6azelt4j2caswi3w, lastKnown=undefined, shouldInvalidate=false
[Discovery] hm://z6MktCPp9wATW4vpREXL5iWgKDCZWnJiXf4ngxS9pe5sky84: status=ok
[Discovery] hm://z6MktCPp9wATW4vpREXL5iWgKDCZWnJiXf4ngxS9pe5sky84: newVersion=bafy2bzaced7725cult54s5grdoyecuxdvf6mba6smstqd5htw6evx66goks7i, lastKnown=undefined, shouldInvalidate=false
[Discovery] hm://z6MksyA4CrctwddmG1GcJ8pSSh9M62zg994T8znaQKFJ4qkb: status=ok
[Discovery] hm://z6MksyA4CrctwddmG1GcJ8pSSh9M62zg994T8znaQKFJ4qkb: newVersion=bafy2bzacea4exeapgm5pjzkxvv4dtsqu66wbuwvut7zsihpw6lpun7al7ldi4, lastKnown=undefined, shouldInvalidate=false
[Discovery] hm://z6MkpQNtQuUuZFQxfzJHadx4NNCC6QX6vnifRB7QdzzWGyKD: status=ok
[Discovery] hm://z6MkpQNtQuUuZFQxfzJHadx4NNCC6QX6vnifRB7QdzzWGyKD: newVersion=bafy2bzacecf4vaqzrutiify5careswydlpz7nbtfwjwawvbq5shhcf7krv332, lastKnown=undefined, shouldInvalidate=false
[Discovery] hm://z6MkivVUhsrkuF9WS8qZXjf4wAbNQTPm3zzRRU8J72g5tG69: status=ok
[Discovery] hm://z6MkivVUhsrkuF9WS8qZXjf4wAbNQTPm3zzRRU8J72g5tG69: newVersion=bafy2bzaceaccnwkumorfauugtl47ndoipby56i5g4rcop3lsqywyaagkmiogc, lastKnown=undefined, shouldInvalidate=false
[Discovery] hm://z6Mkm8Uq6nbJDcA5ZyQCAhocWcL6KFfJkC7fFe465ZsMa6tw: status=ok
[Discovery] hm://z6Mkm8Uq6nbJDcA5ZyQCAhocWcL6KFfJkC7fFe465ZsMa6tw: newVersion=bafyreibjsdisarraxdy6lniwcj5xpa4ohqqdd6bwhcsxcs2pytkiqnq2om.bafyreidwh3g7ocbf5rd2pjvlrhl7gy7wiq7px2357hq75b6zjakcytudli, lastKnown=undefined, shouldInvalidate=false
[Discovery] hm://z6MkpHiG87oJnyMajxKyJcEwNRTbrHWjKSnmVxuuxq7bP3nb: status=ok
[Discovery] hm://z6MkpHiG87oJnyMajxKyJcEwNRTbrHWjKSnmVxuuxq7bP3nb: newVersion=bafy2bzacecf3jzmqao7zppmemna3ioz4p4nek37knlygr6n5rssdzhlikvkck, lastKnown=undefined, shouldInvalidate=false
[Discovery] hm://z6MkrbYsRzKb1VABdvhsDSAk6JK8fAszKsyHhcaZigYeWCou: status=ok
[Discovery] hm://z6MkrbYsRzKb1VABdvhsDSAk6JK8fAszKsyHhcaZigYeWCou: newVersion=bafy2bzaceard7t4wrqhqzizymqwow34l7foxc5yn2ihqapmwys4qs5mnmalzm, lastKnown=undefined, shouldInvalidate=false
[Discovery] hm://z6Mkfm8befyW32tingJymhfqjX6nhLwoBkQxdSmqg9DnqmiH/demo76: status=ok
[Discovery] hm://z6Mkfm8befyW32tingJymhfqjX6nhLwoBkQxdSmqg9DnqmiH/demo76: newVersion=bafyreihdzeqkbb7rygls7zum2fhowq6jeyboslcow2zbyhhltlqbyb2xbe, lastKnown=undefined, shouldInvalidate=false
[Discovery] hm://z6Mkfm8befyW32tingJymhfqjX6nhLwoBkQxdSmqg9DnqmiH: status=ok
[Discovery] hm://z6Mkfm8befyW32tingJymhfqjX6nhLwoBkQxdSmqg9DnqmiH: newVersion=bafy2bzacedh2zj2ic24ibtnfrug47l554rf55z33s346tqqrpoldh4jgowtze, lastKnown=undefined, shouldInvalidate=false
[Discovery] hm://z6MktCPp9wATW4vpREXL5iWgKDCZWnJiXf4ngxS9pe5sky84: status=ok
[Discovery] hm://z6MktCPp9wATW4vpREXL5iWgKDCZWnJiXf4ngxS9pe5sky84: newVersion=bafy2bzaced7725cult54s5grdoyecuxdvf6mba6smstqd5htw6evx66goks7i, lastKnown=undefined, shouldInvalidate=false
[Discovery] hm://z6MkgAtUyLGa8nUn3xDbvfWprE58pYMDeuhD8sH59T6NYiuj: status=ok
[Discovery] hm://z6MkgAtUyLGa8nUn3xDbvfWprE58pYMDeuhD8sH59T6NYiuj: newVersion=bafy2bzaced5tatdb5tvwuo3thsi5u6525er7me33avlixf23eq2ynlotqxcty, lastKnown=undefined, shouldInvalidate=false
[Discovery] hm://z6MkpounmYpAXwsojKHnTWuqCNVs1sJTzRttw1gMfUvCGvY2: status=ok
[Discovery] hm://z6MkpounmYpAXwsojKHnTWuqCNVs1sJTzRttw1gMfUvCGvY2: newVersion=bafy2bzaced7bhangibltimlvuyowv3p2mwdg3roemhmuyb7viwjfa66mjvur2, lastKnown=undefined, shouldInvalidate=false
[Discovery] hm://z6MkfnCSnmstMXTAb6MBXXCj4zdPwZedtRF6YBgYtE5Q8Sov: status=ok
[Discovery] hm://z6MkfnCSnmstMXTAb6MBXXCj4zdPwZedtRF6YBgYtE5Q8Sov: newVersion=bafy2bzacedco4ikpv7ba6t7ltd6aca5scbrb63nkrxjnh6azelt4j2caswi3w, lastKnown=undefined, shouldInvalidate=false
[Discovery] hm://z6MkpQNtQuUuZFQxfzJHadx4NNCC6QX6vnifRB7QdzzWGyKD: status=ok
[Discovery] hm://z6MkpQNtQuUuZFQxfzJHadx4NNCC6QX6vnifRB7QdzzWGyKD: newVersion=bafy2bzacecf4vaqzrutiify5careswydlpz7nbtfwjwawvbq5shhcf7krv332, lastKnown=undefined, shouldInvalidate=false
[Discovery] hm://z6Mkm8Uq6nbJDcA5ZyQCAhocWcL6KFfJkC7fFe465ZsMa6tw: status=ok
[Discovery] hm://z6Mkm8Uq6nbJDcA5ZyQCAhocWcL6KFfJkC7fFe465ZsMa6tw: newVersion=bafyreibjsdisarraxdy6lniwcj5xpa4ohqqdd6bwhcsxcs2pytkiqnq2om.bafyreidwh3g7ocbf5rd2pjvlrhl7gy7wiq7px2357hq75b6zjakcytudli, lastKnown=undefined, shouldInvalidate=false
[Discovery] hm://z6MkivVUhsrkuF9WS8qZXjf4wAbNQTPm3zzRRU8J72g5tG69: status=ok
[Discovery] hm://z6MkivVUhsrkuF9WS8qZXjf4wAbNQTPm3zzRRU8J72g5tG69: newVersion=bafy2bzaceaccnwkumorfauugtl47ndoipby56i5g4rcop3lsqywyaagkmiogc, lastKnown=undefined, shouldInvalidate=false
[Discovery] hm://z6MksyA4CrctwddmG1GcJ8pSSh9M62zg994T8znaQKFJ4qkb: status=ok
[Discovery] hm://z6MksyA4CrctwddmG1GcJ8pSSh9M62zg994T8znaQKFJ4qkb: newVersion=bafy2bzacea4exeapgm5pjzkxvv4dtsqu66wbuwvut7zsihpw6lpun7al7ldi4, lastKnown=undefined, shouldInvalidate=false
[Discovery] hm://z6MkrbYsRzKb1VABdvhsDSAk6JK8fAszKsyHhcaZigYeWCou: status=ok
[Discovery] hm://z6MkrbYsRzKb1VABdvhsDSAk6JK8fAszKsyHhcaZigYeWCou: newVersion=bafy2bzaceard7t4wrqhqzizymqwow34l7foxc5yn2ihqapmwys4qs5mnmalzm, lastKnown=undefined, shouldInvalidate=false
[Discovery] hm://z6MkpHiG87oJnyMajxKyJcEwNRTbrHWjKSnmVxuuxq7bP3nb: status=ok
[Discovery] hm://z6MkpHiG87oJnyMajxKyJcEwNRTbrHWjKSnmVxuuxq7bP3nb: newVersion=bafy2bzacecf3jzmqao7zppmemna3ioz4p4nek37knlygr6n5rssdzhlikvkck, lastKnown=undefined, shouldInvalidate=false
🚨 to GetAccount wy { id: 'z6MkfQzMbCoNQmjTp13mFK1e5JNcEnAVutXhGa5WadCESajd' } Pr [ConnectError]: [not_found] account z6MkfQzMbCoNQmjTp13mFK1e5JNcEnAVutXhGa5WadCESajd is not found
    at mIe (/Users/horacioh/jean/main/fleet-viper/frontend/apps/desktop/out/Seed-darwin-arm64/Seed.app/Contents/Resources/app.asar/.vite/build/main-BzUq9ZDW.js:52:1251)
    at xW (/Users/horacioh/jean/main/fleet-viper/frontend/apps/desktop/out/Seed-darwin-arm64/Seed.app/Contents/Resources/app.asar/.vite/build/main-BzUq9ZDW.js:52:5258)
    at next (/Users/horacioh/jean/main/fleet-viper/frontend/apps/desktop/out/Seed-darwin-arm64/Seed.app/Contents/Resources/app.asar/.vite/build/main-BzUq9ZDW.js:52:11689)
    at process.processTicksAndRejections (node:internal/process/task_queues:105:5)
    at async /Users/horacioh/jean/main/fleet-viper/frontend/apps/desktop/out/Seed-darwin-arm64/Seed.app/Contents/Resources/app.asar/.vite/build/main-BzUq9ZDW.js:52:14698
    at async Object.unary (/Users/horacioh/jean/main/fleet-viper/frontend/apps/desktop/out/Seed-darwin-arm64/Seed.app/Contents/Resources/app.asar/.vite/build/main-BzUq9ZDW.js:52:11210)
    at async Object.getAccount (/Users/horacioh/jean/main/fleet-viper/frontend/apps/desktop/out/Seed-darwin-arm64/Seed.app/Contents/Resources/app.asar/.vite/build/main-BzUq9ZDW.js:50:42576)
    at async Ite (/Users/horacioh/jean/main/fleet-viper/frontend/apps/desktop/out/Seed-darwin-arm64/Seed.app/Contents/Resources/app.asar/.vite/build/main-BzUq9ZDW.js:427:32709)
    at async Object.getData (/Users/horacioh/jean/main/fleet-viper/frontend/apps/desktop/out/Seed-darwin-arm64/Seed.app/Contents/Resources/app.asar/.vite/build/main-BzUq9ZDW.js:427:33256)
    at async kDt (/Users/horacioh/jean/main/fleet-viper/frontend/apps/desktop/out/Seed-darwin-arm64/Seed.app/Contents/Resources/app.asar/.vite/build/main-BzUq9ZDW.js:1127:13839) {
  rawMessage: 'account z6MkfQzMbCoNQmjTp13mFK1e5JNcEnAVutXhGa5WadCESajd is not found',
  code: 5,
  metadata: Headers {
    'access-control-expose-headers': 'Vary, Date, Content-Type, Grpc-Status, Grpc-Message, grpc-status, grpc-message',
    'content-type': 'application/grpc-web+proto',
    'grpc-message': 'account z6MkfQzMbCoNQmjTp13mFK1e5JNcEnAVutXhGa5WadCESajd is not found',
    'grpc-status': '5',
    vary: 'Origin',
    'transfer-encoding': 'chunked'
  },
  details: [],
  cause: undefined
}
🚨 to GetAccount wy { id: 'z6MkiSjZYKVqYqJJhAXVhHS3uzZGbnwboZERnLquJpLz3Ytu' } Pr [ConnectError]: [not_found] account z6MkiSjZYKVqYqJJhAXVhHS3uzZGbnwboZERnLquJpLz3Ytu is not found
    at mIe (/Users/horacioh/jean/main/fleet-viper/frontend/apps/desktop/out/Seed-darwin-arm64/Seed.app/Contents/Resources/app.asar/.vite/build/main-BzUq9ZDW.js:52:1251)
    at xW (/Users/horacioh/jean/main/fleet-viper/frontend/apps/desktop/out/Seed-darwin-arm64/Seed.app/Contents/Resources/app.asar/.vite/build/main-BzUq9ZDW.js:52:5258)
    at next (/Users/horacioh/jean/main/fleet-viper/frontend/apps/desktop/out/Seed-darwin-arm64/Seed.app/Contents/Resources/app.asar/.vite/build/main-BzUq9ZDW.js:52:11689)
    at process.processTicksAndRejections (node:internal/process/task_queues:105:5)
    at async /Users/horacioh/jean/main/fleet-viper/frontend/apps/desktop/out/Seed-darwin-arm64/Seed.app/Contents/Resources/app.asar/.vite/build/main-BzUq9ZDW.js:52:14698
    at async Object.unary (/Users/horacioh/jean/main/fleet-viper/frontend/apps/desktop/out/Seed-darwin-arm64/Seed.app/Contents/Resources/app.asar/.vite/build/main-BzUq9ZDW.js:52:11210)
    at async Object.getAccount (/Users/horacioh/jean/main/fleet-viper/frontend/apps/desktop/out/Seed-darwin-arm64/Seed.app/Contents/Resources/app.asar/.vite/build/main-BzUq9ZDW.js:50:42576)
    at async Ite (/Users/horacioh/jean/main/fleet-viper/frontend/apps/desktop/out/Seed-darwin-arm64/Seed.app/Contents/Resources/app.asar/.vite/build/main-BzUq9ZDW.js:427:32709)
    at async Object.getData (/Users/horacioh/jean/main/fleet-viper/frontend/apps/desktop/out/Seed-darwin-arm64/Seed.app/Contents/Resources/app.asar/.vite/build/main-BzUq9ZDW.js:427:33256)
    at async kDt (/Users/horacioh/jean/main/fleet-viper/frontend/apps/desktop/out/Seed-darwin-arm64/Seed.app/Contents/Resources/app.asar/.vite/build/main-BzUq9ZDW.js:1127:13839) {
  rawMessage: 'account z6MkiSjZYKVqYqJJhAXVhHS3uzZGbnwboZERnLquJpLz3Ytu is not found',
  code: 5,
  metadata: Headers {
    'access-control-expose-headers': 'Vary, Grpc-Status, Grpc-Message, Date, Content-Type, grpc-status, grpc-message',
    'content-type': 'application/grpc-web+proto',
    'grpc-message': 'account z6MkiSjZYKVqYqJJhAXVhHS3uzZGbnwboZERnLquJpLz3Ytu is not found',
    'grpc-status': '5',
    vary: 'Origin',
    'transfer-encoding': 'chunked'
  },
  details: [],
  cause: undefined
}
🚨 to GetAccount wy { id: 'z6MkoodVc7QKDaXyNgHcHHuzb6K3ENUNPXXdpuMUwixvZhM1' } Pr [ConnectError]: [not_found] account z6MkoodVc7QKDaXyNgHcHHuzb6K3ENUNPXXdpuMUwixvZhM1 is not found
    at mIe (/Users/horacioh/jean/main/fleet-viper/frontend/apps/desktop/out/Seed-darwin-arm64/Seed.app/Contents/Resources/app.asar/.vite/build/main-BzUq9ZDW.js:52:1251)
    at xW (/Users/horacioh/jean/main/fleet-viper/frontend/apps/desktop/out/Seed-darwin-arm64/Seed.app/Contents/Resources/app.asar/.vite/build/main-BzUq9ZDW.js:52:5258)
    at next (/Users/horacioh/jean/main/fleet-viper/frontend/apps/desktop/out/Seed-darwin-arm64/Seed.app/Contents/Resources/app.asar/.vite/build/main-BzUq9ZDW.js:52:11689)
    at process.processTicksAndRejections (node:internal/process/task_queues:105:5)
    at async /Users/horacioh/jean/main/fleet-viper/frontend/apps/desktop/out/Seed-darwin-arm64/Seed.app/Contents/Resources/app.asar/.vite/build/main-BzUq9ZDW.js:52:14698
    at async Object.unary (/Users/horacioh/jean/main/fleet-viper/frontend/apps/desktop/out/Seed-darwin-arm64/Seed.app/Contents/Resources/app.asar/.vite/build/main-BzUq9ZDW.js:52:11210)
    at async Object.getAccount (/Users/horacioh/jean/main/fleet-viper/frontend/apps/desktop/out/Seed-darwin-arm64/Seed.app/Contents/Resources/app.asar/.vite/build/main-BzUq9ZDW.js:50:42576)
    at async Ite (/Users/horacioh/jean/main/fleet-viper/frontend/apps/desktop/out/Seed-darwin-arm64/Seed.app/Contents/Resources/app.asar/.vite/build/main-BzUq9ZDW.js:427:32709)
    at async Object.getData (/Users/horacioh/jean/main/fleet-viper/frontend/apps/desktop/out/Seed-darwin-arm64/Seed.app/Contents/Resources/app.asar/.vite/build/main-BzUq9ZDW.js:427:33256)
    at async kDt (/Users/horacioh/jean/main/fleet-viper/frontend/apps/desktop/out/Seed-darwin-arm64/Seed.app/Contents/Resources/app.asar/.vite/build/main-BzUq9ZDW.js:1127:13839) {
  rawMessage: 'account z6MkoodVc7QKDaXyNgHcHHuzb6K3ENUNPXXdpuMUwixvZhM1 is not found',
  code: 5,
  metadata: Headers {
    'access-control-expose-headers': 'Content-Type, Grpc-Status, Grpc-Message, Vary, Date, grpc-status, grpc-message',
    'content-type': 'application/grpc-web+proto',
    'grpc-message': 'account z6MkoodVc7QKDaXyNgHcHHuzb6K3ENUNPXXdpuMUwixvZhM1 is not found',
    'grpc-status': '5',
    vary: 'Origin',
    'transfer-encoding': 'chunked'
  },
  details: [],
  cause: undefined
}
🚨 to GetAccount wy { id: 'z6MkprLt6ydNFzZRTWUWT3nEyevwfcbLyrARwaMCGA3emyNw' } Pr [ConnectError]: [not_found] account z6MkprLt6ydNFzZRTWUWT3nEyevwfcbLyrARwaMCGA3emyNw is not found
    at mIe (/Users/horacioh/jean/main/fleet-viper/frontend/apps/desktop/out/Seed-darwin-arm64/Seed.app/Contents/Resources/app.asar/.vite/build/main-BzUq9ZDW.js:52:1251)
    at xW (/Users/horacioh/jean/main/fleet-viper/frontend/apps/desktop/out/Seed-darwin-arm64/Seed.app/Contents/Resources/app.asar/.vite/build/main-BzUq9ZDW.js:52:5258)
    at next (/Users/horacioh/jean/main/fleet-viper/frontend/apps/desktop/out/Seed-darwin-arm64/Seed.app/Contents/Resources/app.asar/.vite/build/main-BzUq9ZDW.js:52:11689)
    at process.processTicksAndRejections (node:internal/process/task_queues:105:5)
    at async /Users/horacioh/jean/main/fleet-viper/frontend/apps/desktop/out/Seed-darwin-arm64/Seed.app/Contents/Resources/app.asar/.vite/build/main-BzUq9ZDW.js:52:14698
    at async Object.unary (/Users/horacioh/jean/main/fleet-viper/frontend/apps/desktop/out/Seed-darwin-arm64/Seed.app/Contents/Resources/app.asar/.vite/build/main-BzUq9ZDW.js:52:11210)
    at async Object.getAccount (/Users/horacioh/jean/main/fleet-viper/frontend/apps/desktop/out/Seed-darwin-arm64/Seed.app/Contents/Resources/app.asar/.vite/build/main-BzUq9ZDW.js:50:42576)
    at async Ite (/Users/horacioh/jean/main/fleet-viper/frontend/apps/desktop/out/Seed-darwin-arm64/Seed.app/Contents/Resources/app.asar/.vite/build/main-BzUq9ZDW.js:427:32709)
    at async Object.getData (/Users/horacioh/jean/main/fleet-viper/frontend/apps/desktop/out/Seed-darwin-arm64/Seed.app/Contents/Resources/app.asar/.vite/build/main-BzUq9ZDW.js:427:33256)
    at async kDt (/Users/horacioh/jean/main/fleet-viper/frontend/apps/desktop/out/Seed-darwin-arm64/Seed.app/Contents/Resources/app.asar/.vite/build/main-BzUq9ZDW.js:1127:13839) {
  rawMessage: 'account z6MkprLt6ydNFzZRTWUWT3nEyevwfcbLyrARwaMCGA3emyNw is not found',
  code: 5,
  metadata: Headers {
    'access-control-expose-headers': 'Vary, Grpc-Status, Grpc-Message, Date, Content-Type, grpc-status, grpc-message',
    'content-type': 'application/grpc-web+proto',
    'grpc-message': 'account z6MkprLt6ydNFzZRTWUWT3nEyevwfcbLyrARwaMCGA3emyNw is not found',
    'grpc-status': '5',
    vary: 'Origin',
    'transfer-encoding': 'chunked'
  },
  details: [],
  cause: undefined
}
🚨 to GetAccount wy { id: 'z6Mkw71nDA2jPxD9ceZH1jcZ4kvMrGB3eDVesmqVEgMtcrhk' } Pr [ConnectError]: [not_found] account z6Mkw71nDA2jPxD9ceZH1jcZ4kvMrGB3eDVesmqVEgMtcrhk is not found
    at mIe (/Users/horacioh/jean/main/fleet-viper/frontend/apps/desktop/out/Seed-darwin-arm64/Seed.app/Contents/Resources/app.asar/.vite/build/main-BzUq9ZDW.js:52:1251)
    at xW (/Users/horacioh/jean/main/fleet-viper/frontend/apps/desktop/out/Seed-darwin-arm64/Seed.app/Contents/Resources/app.asar/.vite/build/main-BzUq9ZDW.js:52:5258)
    at next (/Users/horacioh/jean/main/fleet-viper/frontend/apps/desktop/out/Seed-darwin-arm64/Seed.app/Contents/Resources/app.asar/.vite/build/main-BzUq9ZDW.js:52:11689)
    at process.processTicksAndRejections (node:internal/process/task_queues:105:5)
    at async /Users/horacioh/jean/main/fleet-viper/frontend/apps/desktop/out/Seed-darwin-arm64/Seed.app/Contents/Resources/app.asar/.vite/build/main-BzUq9ZDW.js:52:14698
    at async Object.unary (/Users/horacioh/jean/main/fleet-viper/frontend/apps/desktop/out/Seed-darwin-arm64/Seed.app/Contents/Resources/app.asar/.vite/build/main-BzUq9ZDW.js:52:11210)
    at async Object.getAccount (/Users/horacioh/jean/main/fleet-viper/frontend/apps/desktop/out/Seed-darwin-arm64/Seed.app/Contents/Resources/app.asar/.vite/build/main-BzUq9ZDW.js:50:42576)
    at async Ite (/Users/horacioh/jean/main/fleet-viper/frontend/apps/desktop/out/Seed-darwin-arm64/Seed.app/Contents/Resources/app.asar/.vite/build/main-BzUq9ZDW.js:427:32709)
    at async Object.getData (/Users/horacioh/jean/main/fleet-viper/frontend/apps/desktop/out/Seed-darwin-arm64/Seed.app/Contents/Resources/app.asar/.vite/build/main-BzUq9ZDW.js:427:33256)
    at async kDt (/Users/horacioh/jean/main/fleet-viper/frontend/apps/desktop/out/Seed-darwin-arm64/Seed.app/Contents/Resources/app.asar/.vite/build/main-BzUq9ZDW.js:1127:13839) {
  rawMessage: 'account z6Mkw71nDA2jPxD9ceZH1jcZ4kvMrGB3eDVesmqVEgMtcrhk is not found',
  code: 5,
  metadata: Headers {
    'access-control-expose-headers': 'Vary, Date, Content-Type, Grpc-Status, Grpc-Message, grpc-status, grpc-message',
    'content-type': 'application/grpc-web+proto',
    'grpc-message': 'account z6Mkw71nDA2jPxD9ceZH1jcZ4kvMrGB3eDVesmqVEgMtcrhk is not found',
    'grpc-status': '5',
    vary: 'Origin',
    'transfer-encoding': 'chunked'
  },
  details: [],
  cause: undefined
}
🚨 to GetAccount wy { id: 'z6MkvbYUtW2zB51LWaXJPguMLAaZ2qA3btHc1ot8dEm3Y1JP' } Pr [ConnectError]: [not_found] account z6MkvbYUtW2zB51LWaXJPguMLAaZ2qA3btHc1ot8dEm3Y1JP is not found
    at mIe (/Users/horacioh/jean/main/fleet-viper/frontend/apps/desktop/out/Seed-darwin-arm64/Seed.app/Contents/Resources/app.asar/.vite/build/main-BzUq9ZDW.js:52:1251)
    at xW (/Users/horacioh/jean/main/fleet-viper/frontend/apps/desktop/out/Seed-darwin-arm64/Seed.app/Contents/Resources/app.asar/.vite/build/main-BzUq9ZDW.js:52:5258)
    at next (/Users/horacioh/jean/main/fleet-viper/frontend/apps/desktop/out/Seed-darwin-arm64/Seed.app/Contents/Resources/app.asar/.vite/build/main-BzUq9ZDW.js:52:11689)
    at process.processTicksAndRejections (node:internal/process/task_queues:105:5)
    at async /Users/horacioh/jean/main/fleet-viper/frontend/apps/desktop/out/Seed-darwin-arm64/Seed.app/Contents/Resources/app.asar/.vite/build/main-BzUq9ZDW.js:52:14698
    at async Object.unary (/Users/horacioh/jean/main/fleet-viper/frontend/apps/desktop/out/Seed-darwin-arm64/Seed.app/Contents/Resources/app.asar/.vite/build/main-BzUq9ZDW.js:52:11210)
    at async Object.getAccount (/Users/horacioh/jean/main/fleet-viper/frontend/apps/desktop/out/Seed-darwin-arm64/Seed.app/Contents/Resources/app.asar/.vite/build/main-BzUq9ZDW.js:50:42576)
    at async Ite (/Users/horacioh/jean/main/fleet-viper/frontend/apps/desktop/out/Seed-darwin-arm64/Seed.app/Contents/Resources/app.asar/.vite/build/main-BzUq9ZDW.js:427:32709)
    at async Object.getData (/Users/horacioh/jean/main/fleet-viper/frontend/apps/desktop/out/Seed-darwin-arm64/Seed.app/Contents/Resources/app.asar/.vite/build/main-BzUq9ZDW.js:427:33256)
    at async kDt (/Users/horacioh/jean/main/fleet-viper/frontend/apps/desktop/out/Seed-darwin-arm64/Seed.app/Contents/Resources/app.asar/.vite/build/main-BzUq9ZDW.js:1127:13839) {
  rawMessage: 'account z6MkvbYUtW2zB51LWaXJPguMLAaZ2qA3btHc1ot8dEm3Y1JP is not found',
  code: 5,
  metadata: Headers {
    'access-control-expose-headers': 'Date, Vary, Content-Type, Grpc-Status, Grpc-Message, grpc-status, grpc-message',
    'content-type': 'application/grpc-web+proto',
    'grpc-message': 'account z6MkvbYUtW2zB51LWaXJPguMLAaZ2qA3btHc1ot8dEm3Y1JP is not found',
    'grpc-status': '5',
    vary: 'Origin',
    'transfer-encoding': 'chunked'
  },
  details: [],
  cause: undefined
}
[Discovery] hm://z6Mkfm8befyW32tingJymhfqjX6nhLwoBkQxdSmqg9DnqmiH/demo76: status=ok
[Discovery] hm://z6Mkfm8befyW32tingJymhfqjX6nhLwoBkQxdSmqg9DnqmiH/demo76: newVersion=bafy2bzacednicpyd3e6hjvlyqctihhqtq6rowqvhuhmwkbrdjo5lxkx7cwu5w, lastKnown=undefined, shouldInvalidate=false
[Discovery] hm://z6Mkfm8befyW32tingJymhfqjX6nhLwoBkQxdSmqg9DnqmiH: status=ok
[Discovery] hm://z6Mkfm8befyW32tingJymhfqjX6nhLwoBkQxdSmqg9DnqmiH: newVersion=bafy2bzacedh2zj2ic24ibtnfrug47l554rf55z33s346tqqrpoldh4jgowtze, lastKnown=undefined, shouldInvalidate=false
[Discovery] hm://z6MkpHiG87oJnyMajxKyJcEwNRTbrHWjKSnmVxuuxq7bP3nb: status=ok
[Discovery] hm://z6MkpHiG87oJnyMajxKyJcEwNRTbrHWjKSnmVxuuxq7bP3nb: newVersion=bafy2bzacecf3jzmqao7zppmemna3ioz4p4nek37knlygr6n5rssdzhlikvkck, lastKnown=undefined, shouldInvalidate=false
[Discovery] hm://z6Mkm8Uq6nbJDcA5ZyQCAhocWcL6KFfJkC7fFe465ZsMa6tw: status=ok
[Discovery] hm://z6Mkm8Uq6nbJDcA5ZyQCAhocWcL6KFfJkC7fFe465ZsMa6tw: newVersion=bafyreibjsdisarraxdy6lniwcj5xpa4ohqqdd6bwhcsxcs2pytkiqnq2om.bafyreidwh3g7ocbf5rd2pjvlrhl7gy7wiq7px2357hq75b6zjakcytudli, lastKnown=undefined, shouldInvalidate=false
[Discovery] hm://z6MkpounmYpAXwsojKHnTWuqCNVs1sJTzRttw1gMfUvCGvY2: status=ok
[Discovery] hm://z6MkpounmYpAXwsojKHnTWuqCNVs1sJTzRttw1gMfUvCGvY2: newVersion=bafy2bzaced7bhangibltimlvuyowv3p2mwdg3roemhmuyb7viwjfa66mjvur2, lastKnown=undefined, shouldInvalidate=false
[Discovery] hm://z6MkrbYsRzKb1VABdvhsDSAk6JK8fAszKsyHhcaZigYeWCou: status=ok
[Discovery] hm://z6MkrbYsRzKb1VABdvhsDSAk6JK8fAszKsyHhcaZigYeWCou: newVersion=bafy2bzaceard7t4wrqhqzizymqwow34l7foxc5yn2ihqapmwys4qs5mnmalzm, lastKnown=undefined, shouldInvalidate=false
[Discovery] hm://z6MksyA4CrctwddmG1GcJ8pSSh9M62zg994T8znaQKFJ4qkb: status=ok
[Discovery] hm://z6MksyA4CrctwddmG1GcJ8pSSh9M62zg994T8znaQKFJ4qkb: newVersion=bafy2bzacea4exeapgm5pjzkxvv4dtsqu66wbuwvut7zsihpw6lpun7al7ldi4, lastKnown=undefined, shouldInvalidate=false
[Discovery] hm://z6MkpQNtQuUuZFQxfzJHadx4NNCC6QX6vnifRB7QdzzWGyKD: status=ok
[Discovery] hm://z6MkpQNtQuUuZFQxfzJHadx4NNCC6QX6vnifRB7QdzzWGyKD: newVersion=bafy2bzacecf4vaqzrutiify5careswydlpz7nbtfwjwawvbq5shhcf7krv332, lastKnown=undefined, shouldInvalidate=false
[Discovery] hm://z6MkivVUhsrkuF9WS8qZXjf4wAbNQTPm3zzRRU8J72g5tG69: status=ok
[Discovery] hm://z6MkivVUhsrkuF9WS8qZXjf4wAbNQTPm3zzRRU8J72g5tG69: newVersion=bafy2bzaceaccnwkumorfauugtl47ndoipby56i5g4rcop3lsqywyaagkmiogc, lastKnown=undefined, shouldInvalidate=false
[Discovery] hm://z6MkgAtUyLGa8nUn3xDbvfWprE58pYMDeuhD8sH59T6NYiuj: status=ok
[Discovery] hm://z6MkgAtUyLGa8nUn3xDbvfWprE58pYMDeuhD8sH59T6NYiuj: newVersion=bafy2bzaced5tatdb5tvwuo3thsi5u6525er7me33avlixf23eq2ynlotqxcty, lastKnown=undefined, shouldInvalidate=false
[Discovery] hm://z6MktCPp9wATW4vpREXL5iWgKDCZWnJiXf4ngxS9pe5sky84: status=ok
[Discovery] hm://z6MktCPp9wATW4vpREXL5iWgKDCZWnJiXf4ngxS9pe5sky84: newVersion=bafy2bzaced7725cult54s5grdoyecuxdvf6mba6smstqd5htw6evx66goks7i, lastKnown=undefined, shouldInvalidate=false
[Discovery] hm://z6MkfnCSnmstMXTAb6MBXXCj4zdPwZedtRF6YBgYtE5Q8Sov: status=ok
[Discovery] hm://z6MkfnCSnmstMXTAb6MBXXCj4zdPwZedtRF6YBgYtE5Q8Sov: newVersion=bafy2bzacedco4ikpv7ba6t7ltd6aca5scbrb63nkrxjnh6azelt4j2caswi3w, lastKnown=undefined, shouldInvalidate=false
[Discovery] hm://z6Mkfm8befyW32tingJymhfqjX6nhLwoBkQxdSmqg9DnqmiH/demo76: status=ok
[Discovery] hm://z6Mkfm8befyW32tingJymhfqjX6nhLwoBkQxdSmqg9DnqmiH/demo76: newVersion=bafy2bzacednicpyd3e6hjvlyqctihhqtq6rowqvhuhmwkbrdjo5lxkx7cwu5w, lastKnown=undefined, shouldInvalidate=false
[Discovery] hm://z6Mkfm8befyW32tingJymhfqjX6nhLwoBkQxdSmqg9DnqmiH/demo76: status=ok
[Discovery] hm://z6Mkfm8befyW32tingJymhfqjX6nhLwoBkQxdSmqg9DnqmiH/demo76: newVersion=bafy2bzacednicpyd3e6hjvlyqctihhqtq6rowqvhuhmwkbrdjo5lxkx7cwu5w, lastKnown=undefined, shouldInvalidate=false
[Discovery] hm://z6Mkfm8befyW32tingJymhfqjX6nhLwoBkQxdSmqg9DnqmiH: status=ok
[Discovery] hm://z6Mkfm8befyW32tingJymhfqjX6nhLwoBkQxdSmqg9DnqmiH: newVersion=bafy2bzacedh2zj2ic24ibtnfrug47l554rf55z33s346tqqrpoldh4jgowtze, lastKnown=undefined, shouldInvalidate=false
[Discovery] hm://z6MkpHiG87oJnyMajxKyJcEwNRTbrHWjKSnmVxuuxq7bP3nb: status=ok
[Discovery] hm://z6MkpHiG87oJnyMajxKyJcEwNRTbrHWjKSnmVxuuxq7bP3nb: newVersion=bafy2bzacecf3jzmqao7zppmemna3ioz4p4nek37knlygr6n5rssdzhlikvkck, lastKnown=undefined, shouldInvalidate=false
[Discovery] hm://z6Mkm8Uq6nbJDcA5ZyQCAhocWcL6KFfJkC7fFe465ZsMa6tw: status=ok
[Discovery] hm://z6Mkm8Uq6nbJDcA5ZyQCAhocWcL6KFfJkC7fFe465ZsMa6tw: newVersion=bafyreibjsdisarraxdy6lniwcj5xpa4ohqqdd6bwhcsxcs2pytkiqnq2om.bafyreidwh3g7ocbf5rd2pjvlrhl7gy7wiq7px2357hq75b6zjakcytudli, lastKnown=undefined, shouldInvalidate=false
[Discovery] hm://z6MkpounmYpAXwsojKHnTWuqCNVs1sJTzRttw1gMfUvCGvY2: status=ok
[Discovery] hm://z6MkpounmYpAXwsojKHnTWuqCNVs1sJTzRttw1gMfUvCGvY2: newVersion=bafy2bzaced7bhangibltimlvuyowv3p2mwdg3roemhmuyb7viwjfa66mjvur2, lastKnown=undefined, shouldInvalidate=false
[Discovery] hm://z6MksyA4CrctwddmG1GcJ8pSSh9M62zg994T8znaQKFJ4qkb: status=ok
[Discovery] hm://z6MksyA4CrctwddmG1GcJ8pSSh9M62zg994T8znaQKFJ4qkb: newVersion=bafy2bzacea4exeapgm5pjzkxvv4dtsqu66wbuwvut7zsihpw6lpun7al7ldi4, lastKnown=undefined, shouldInvalidate=false
[Discovery] hm://z6MkpQNtQuUuZFQxfzJHadx4NNCC6QX6vnifRB7QdzzWGyKD: status=ok
[Discovery] hm://z6MkpQNtQuUuZFQxfzJHadx4NNCC6QX6vnifRB7QdzzWGyKD: newVersion=bafy2bzacecf4vaqzrutiify5careswydlpz7nbtfwjwawvbq5shhcf7krv332, lastKnown=undefined, shouldInvalidate=false
[Discovery] hm://z6MkrbYsRzKb1VABdvhsDSAk6JK8fAszKsyHhcaZigYeWCou: status=ok
[Discovery] hm://z6MkrbYsRzKb1VABdvhsDSAk6JK8fAszKsyHhcaZigYeWCou: newVersion=bafy2bzaceard7t4wrqhqzizymqwow34l7foxc5yn2ihqapmwys4qs5mnmalzm, lastKnown=undefined, shouldInvalidate=false
[Discovery] hm://z6MkivVUhsrkuF9WS8qZXjf4wAbNQTPm3zzRRU8J72g5tG69: status=ok
[Discovery] hm://z6MkivVUhsrkuF9WS8qZXjf4wAbNQTPm3zzRRU8J72g5tG69: newVersion=bafy2bzaceaccnwkumorfauugtl47ndoipby56i5g4rcop3lsqywyaagkmiogc, lastKnown=undefined, shouldInvalidate=false
[Discovery] hm://z6MkgAtUyLGa8nUn3xDbvfWprE58pYMDeuhD8sH59T6NYiuj: status=ok
[Discovery] hm://z6MkgAtUyLGa8nUn3xDbvfWprE58pYMDeuhD8sH59T6NYiuj: newVersion=bafy2bzaced5tatdb5tvwuo3thsi5u6525er7me33avlixf23eq2ynlotqxcty, lastKnown=undefined, shouldInvalidate=false
[Discovery] hm://z6MktCPp9wATW4vpREXL5iWgKDCZWnJiXf4ngxS9pe5sky84: status=ok
[Discovery] hm://z6MktCPp9wATW4vpREXL5iWgKDCZWnJiXf4ngxS9pe5sky84: newVersion=bafy2bzaced7725cult54s5grdoyecuxdvf6mba6smstqd5htw6evx66goks7i, lastKnown=undefined, shouldInvalidate=false
[Discovery] hm://z6MkfnCSnmstMXTAb6MBXXCj4zdPwZedtRF6YBgYtE5Q8Sov: status=ok
[Discovery] hm://z6MkfnCSnmstMXTAb6MBXXCj4zdPwZedtRF6YBgYtE5Q8Sov: newVersion=bafy2bzacedco4ikpv7ba6t7ltd6aca5scbrb63nkrxjnh6azelt4j2caswi3w, lastKnown=undefined, shouldInvalidate=false
